#
# There is insufficient memory for the Java Runtime Environment to continue.
# Native memory allocation (mmap) failed to map 134217728 bytes for G1 virtual space
# Possible reasons:
#   The system is out of physical RAM or swap space
#   The process is running with CompressedOops enabled, and the Java Heap may be blocking the growth of the native heap
# Possible solutions:
#   Reduce memory load on the system
#   Increase physical memory or swap space
#   Check if swap backing store is full
#   Decrease Java heap size (-Xmx/-Xms)
#   Decrease number of Java threads
#   Decrease Java thread stack sizes (-Xss)
#   Set larger code cache with -XX:ReservedCodeCacheSize=
#   JVM is running with Unscaled Compressed Oops mode in which the Java heap is
#     placed in the first 4GB address space. The Java Heap base address is the
#     maximum limit for the native heap growth. Please use -XX:HeapBaseMinAddress
#     to set the Java Heap base and to place the Java Heap above 4GB virtual address.
# This output file may be truncated or incomplete.
#
#  Out of Memory Error (os_windows.cpp:3466), pid=10380, tid=17816
#
# JRE version:  (16.0.1+9) (build )
# Java VM: OpenJDK 64-Bit Server VM (16.0.1+9-24, mixed mode, sharing, tiered, compressed oops, compressed class ptrs, g1 gc, windows-amd64)
# No core dump will be written. Minidumps are not enabled by default on client versions of Windows
#

---------------  S U M M A R Y ------------

Command Line: -Dfile.encoding=UTF-8 -XX:+ShowCodeDetailsInExceptionMessages com.vti.frontend.Program5

Host: Intel(R) Core(TM) i7-4810MQ CPU @ 2.80GHz, 8 cores, 7G,  Windows 10 , 64 bit Build 19041 (10.0.19041.804)
Time: Wed Aug 18 23:23:47 2021 SE Asia Standard Time elapsed time: 0.009935 seconds (0d 0h 0m 0s)

---------------  T H R E A D  ---------------

Current thread (0x000001e1296eab60):  JavaThread "Unknown thread" [_thread_in_vm, id=17816, stack(0x00000044b2f00000,0x00000044b3000000)]

Stack: [0x00000044b2f00000,0x00000044b3000000]
Native frames: (J=compiled Java code, j=interpreted, Vv=VM code, C=native code)
V  [jvm.dll+0x6687ca]
V  [jvm.dll+0x7ca3c9]
V  [jvm.dll+0x7cbb53]
V  [jvm.dll+0x7cc1b3]
V  [jvm.dll+0x242ea5]
V  [jvm.dll+0x665589]
V  [jvm.dll+0x65a175]
V  [jvm.dll+0x2fc5ab]
V  [jvm.dll+0x3037a6]
V  [jvm.dll+0x352fee]
V  [jvm.dll+0x35321f]
V  [jvm.dll+0x2d3618]
V  [jvm.dll+0x2d4854]
V  [jvm.dll+0x79ccb1]
V  [jvm.dll+0x360de1]
V  [jvm.dll+0x77a990]
V  [jvm.dll+0x3e55af]
V  [jvm.dll+0x3e7081]
C  [jli.dll+0x52fb]
C  [ucrtbase.dll+0x21bb2]
C  [KERNEL32.DLL+0x17034]
C  [ntdll.dll+0x52651]


---------------  P R O C E S S  ---------------

Threads class SMR info:
_java_thread_list=0x00007ffdc7bdcbb8, length=0, elements={
}

Java Threads: ( => current thread )

Other Threads:
  0x000001e12972d0d0 GCTaskThread "GC Thread#0" [stack: 0x00000044b3000000,0x00000044b3100000] [id=15308]
  0x000001e12973f690 ConcurrentGCThread "G1 Main Marker" [stack: 0x00000044b3100000,0x00000044b3200000] [id=2028]
  0x000001e129740090 ConcurrentGCThread "G1 Conc#0" [stack: 0x00000044b3200000,0x00000044b3300000] [id=11392]

[error occurred during error reporting (printing all threads), id 0xc0000005, EXCEPTION_ACCESS_VIOLATION (0xc0000005) at pc=0x00007ffdc73b44d7]

VM state: not at safepoint (not fully initialized)

VM Mutex/Monitor currently owned by a thread:  ([mutex/lock_event])
[0x000001e1296e7cd0] Heap_lock - owner thread: 0x000001e1296eab60

Heap address: 0x0000000080e00000, size: 2034 MB, Compressed Oops mode: 32-bit

CDS archive(s) mapped at: [0x0000000000000000-0x0000000000000000-0x0000000000000000), size 0, SharedBaseAddress: 0x0000000800000000, ArchiveRelocationMode: 0.
Narrow klass base: 0x0000000000000000, Narrow klass shift: 0, Narrow klass range: 0x0

GC Precious Log:
<Empty>

Heap:
 garbage-first heap   total 0K, used 0K [0x0000000080e00000, 0x0000000100000000)
  region size 1024K, 0 young (0K), 0 survivors (0K)

[error occurred during error reporting (printing heap information), id 0xc0000005, EXCEPTION_ACCESS_VIOLATION (0xc0000005) at pc=0x00007ffdc77924ed]

GC Heap History (0 events):
No events

Deoptimization events (0 events):
No events

Classes unloaded (0 events):
No events

Classes redefined (0 events):
No events

Internal exceptions (0 events):
No events

Events (1 events):
Event: 0.007 Loaded shared library C:\Users\Trung\eclipse\plugins\org.eclipse.justj.openjdk.hotspot.jre.full.win32.x86_64_16.0.1.v20210528-1205\jre\bin\java.dll


Dynamic libraries:
0x00007ff791c90000 - 0x00007ff791c9e000 	C:\Users\Trung\eclipse\plugins\org.eclipse.justj.openjdk.hotspot.jre.full.win32.x86_64_16.0.1.v20210528-1205\jre\bin\javaw.exe
0x00007ffe1d730000 - 0x00007ffe1d925000 	C:\Windows\SYSTEM32\ntdll.dll
0x00007ffe1d3d0000 - 0x00007ffe1d48d000 	C:\Windows\System32\KERNEL32.DLL
0x00007ffe1aec0000 - 0x00007ffe1b189000 	C:\Windows\System32\KERNELBASE.dll
0x00007ffe1b690000 - 0x00007ffe1b790000 	C:\Windows\System32\ucrtbase.dll
0x00007ffe154b0000 - 0x00007ffe154c9000 	C:\Users\Trung\eclipse\plugins\org.eclipse.justj.openjdk.hotspot.jre.full.win32.x86_64_16.0.1.v20210528-1205\jre\bin\VCRUNTIME140.dll
0x00007ffe154d0000 - 0x00007ffe154e8000 	C:\Users\Trung\eclipse\plugins\org.eclipse.justj.openjdk.hotspot.jre.full.win32.x86_64_16.0.1.v20210528-1205\jre\bin\jli.dll
0x00007ffe1d550000 - 0x00007ffe1d6f0000 	C:\Windows\System32\USER32.dll
0x00007ffe0b020000 - 0x00007ffe0b2ba000 	C:\Windows\WinSxS\amd64_microsoft.windows.common-controls_6595b64144ccf1df_6.0.19041.844_none_ca00b6081b84eb1d\COMCTL32.dll
0x00007ffe1b660000 - 0x00007ffe1b682000 	C:\Windows\System32\win32u.dll
0x00007ffe1c220000 - 0x00007ffe1c2be000 	C:\Windows\System32\msvcrt.dll
0x00007ffe1c7e0000 - 0x00007ffe1c80a000 	C:\Windows\System32\GDI32.dll
0x00007ffe1b190000 - 0x00007ffe1b29b000 	C:\Windows\System32\gdi32full.dll
0x00007ffe1b380000 - 0x00007ffe1b41d000 	C:\Windows\System32\msvcp_win.dll
0x00007ffe1c810000 - 0x00007ffe1c840000 	C:\Windows\System32\IMM32.DLL
0x00007ffe154a0000 - 0x00007ffe154ac000 	C:\Users\Trung\eclipse\plugins\org.eclipse.justj.openjdk.hotspot.jre.full.win32.x86_64_16.0.1.v20210528-1205\jre\bin\vcruntime140_1.dll
0x00007ffe11310000 - 0x00007ffe113a1000 	C:\Users\Trung\eclipse\plugins\org.eclipse.justj.openjdk.hotspot.jre.full.win32.x86_64_16.0.1.v20210528-1205\jre\bin\msvcp140.dll
0x00007ffdc70d0000 - 0x00007ffdc7c7b000 	C:\Users\Trung\eclipse\plugins\org.eclipse.justj.openjdk.hotspot.jre.full.win32.x86_64_16.0.1.v20210528-1205\jre\bin\server\jvm.dll
0x00007ffe1c730000 - 0x00007ffe1c7dc000 	C:\Windows\System32\ADVAPI32.dll
0x00007ffe1c2d0000 - 0x00007ffe1c36c000 	C:\Windows\System32\sechost.dll
0x00007ffe1c5e0000 - 0x00007ffe1c70b000 	C:\Windows\System32\RPCRT4.dll
0x00007ffe1d490000 - 0x00007ffe1d498000 	C:\Windows\System32\PSAPI.DLL
0x00007ffe13670000 - 0x00007ffe1367a000 	C:\Windows\SYSTEM32\VERSION.dll
0x00007ffe11460000 - 0x00007ffe11487000 	C:\Windows\SYSTEM32\WINMM.dll
0x00007ffe06250000 - 0x00007ffe06259000 	C:\Windows\SYSTEM32\WSOCK32.dll
0x00007ffe1d360000 - 0x00007ffe1d3cb000 	C:\Windows\System32\WS2_32.dll
0x00007ffe19750000 - 0x00007ffe19762000 	C:\Windows\SYSTEM32\kernel.appcore.dll
0x00007ffe16ab0000 - 0x00007ffe16aba000 	C:\Users\Trung\eclipse\plugins\org.eclipse.justj.openjdk.hotspot.jre.full.win32.x86_64_16.0.1.v20210528-1205\jre\bin\jimage.dll
0x00007ffe06740000 - 0x00007ffe06924000 	C:\Windows\SYSTEM32\DBGHELP.DLL
0x00007ffe05cc0000 - 0x00007ffe05cec000 	C:\Windows\SYSTEM32\dbgcore.DLL
0x00007ffe1b580000 - 0x00007ffe1b600000 	C:\Windows\System32\bcryptPrimitives.dll
0x00007ffdfb3e0000 - 0x00007ffdfb405000 	C:\Users\Trung\eclipse\plugins\org.eclipse.justj.openjdk.hotspot.jre.full.win32.x86_64_16.0.1.v20210528-1205\jre\bin\java.dll

dbghelp: loaded successfully - version: 4.0.5 - missing functions: none
symbol engine: initialized successfully - sym options: 0x614 - pdb path: .;C:\Users\Trung\eclipse\plugins\org.eclipse.justj.openjdk.hotspot.jre.full.win32.x86_64_16.0.1.v20210528-1205\jre\bin;C:\Windows\SYSTEM32;C:\Windows\WinSxS\amd64_microsoft.windows.common-controls_6595b64144ccf1df_6.0.19041.844_none_ca00b6081b84eb1d;C:\Users\Trung\eclipse\plugins\org.eclipse.justj.openjdk.hotspot.jre.full.win32.x86_64_16.0.1.v20210528-1205\jre\bin\server

VM Arguments:
jvm_args: -Dfile.encoding=UTF-8 -XX:+ShowCodeDetailsInExceptionMessages 
java_command: com.vti.frontend.Program5
java_class_path (initial): D:\PHAN MEN HOC TAP\Bai tap java\Assignment 4\bin
Launcher Type: SUN_STANDARD

[Global flags]
     intx CICompilerCount                          = 4                                         {product} {ergonomic}
     uint ConcGCThreads                            = 2                                         {product} {ergonomic}
     uint G1ConcRefinementThreads                  = 8                                         {product} {ergonomic}
   size_t G1HeapRegionSize                         = 1048576                                   {product} {ergonomic}
    uintx GCDrainStackTargetSize                   = 64                                        {product} {ergonomic}
   size_t InitialHeapSize                          = 134217728                                 {product} {ergonomic}
   size_t MarkStackSize                            = 4194304                                   {product} {ergonomic}
   size_t MaxHeapSize                              = 2132803584                                {product} {ergonomic}
   size_t MinHeapDeltaBytes                        = 1048576                                   {product} {ergonomic}
   size_t MinHeapSize                              = 8388608                                   {product} {ergonomic}
    uintx NonNMethodCodeHeapSize                   = 5839372                                {pd product} {ergonomic}
    uintx NonProfiledCodeHeapSize                  = 122909434                              {pd product} {ergonomic}
    uintx ProfiledCodeHeapSize                     = 122909434                              {pd product} {ergonomic}
    uintx ReservedCodeCacheSize                    = 251658240                              {pd product} {ergonomic}
     bool SegmentedCodeCache                       = true                                      {product} {ergonomic}
     bool ShowCodeDetailsInExceptionMessages       = true                                   {manageable} {command line}
   size_t SoftMaxHeapSize                          = 2132803584                             {manageable} {ergonomic}
     bool UseCompressedClassPointers               = true                           {product lp64_product} {ergonomic}
     bool UseCompressedOops                        = true                           {product lp64_product} {ergonomic}
     bool UseG1GC                                  = true                                      {product} {ergonomic}
     bool UseLargePagesIndividualAllocation        = false                                  {pd product} {ergonomic}

Logging:
Log output configuration:
 #0: stdout all=warning uptime,level,tags
 #1: stderr all=off uptime,level,tags

Environment Variables:
JAVA_HOME=C:\Users\Trung\jdk-11.0.11
PATH=C:/Users/Trung/eclipse//plugins/org.eclipse.justj.openjdk.hotspot.jre.full.win32.x86_64_16.0.1.v20210528-1205/jre/bin/server;C:/Users/Trung/eclipse//plugins/org.eclipse.justj.openjdk.hotspot.jre.full.win32.x86_64_16.0.1.v20210528-1205/jre/bin;D:\VMware Setup\bin\;C:\Windows\system32;C:\Windows;C:\Windows\System32\Wbem;C:\Windows\System32\WindowsPowerShell\v1.0\;C:\Windows\System32\OpenSSH\;C:\Users\Trung\jdk-11.0.11\bin;C:\Program Files\Git\cmd;C:\Program Files\MySQL\MySQL Shell 8.0\bin\;C:\Users\Trung\AppData\Local\Microsoft\WindowsApps;;C:\Users\Trung\eclipse;
USERNAME=Trung
OS=Windows_NT
PROCESSOR_IDENTIFIER=Intel64 Family 6 Model 60 Stepping 3, GenuineIntel



---------------  S Y S T E M  ---------------

OS:
 Windows 10 , 64 bit Build 19041 (10.0.19041.804)
OS uptime: 5 days 15:22 hours

CPU: total 8 (initial active 8) (4 cores per cpu, 2 threads per core) family 6 model 60 stepping 3 microcode 0x27, cx8, cmov, fxsr, ht, mmx, sse, sse2, sse3, ssse3, sse4.1, sse4.2, popcnt, lzcnt, tsc, tscinvbit, avx, avx2, aes, erms, clmul, bmi1, bmi2, fma, vzeroupper, clflush

Memory: 4k page, system-wide physical 8131M (1395M free)
TotalPageFile size 18273M (AvailPageFile size 45M)
current process WorkingSet (physical memory assigned to process): 10M, peak: 10M
current process commit charge ("private bytes"): 60M, peak: 187M

vm_info: OpenJDK 64-Bit Server VM (16.0.1+9-24) for windows-amd64 JRE (16.0.1+9-24), built on Mar 26 2021 19:30:07 by "mach5one" with MS VC++ 16.7 (VS2019)

END.
